2022-04-09 15:04:193 INFO  ManageDriver :32 - Launching Chrome Browser
2022-04-09 15:04:322 INFO  ManageDriver :32 - Launching Chrome Browser
2022-04-09 15:04:812 INFO  ManageDriver :32 - Launching Chrome Browser
2022-04-09 15:04:244 INFO  ManageDriver :32 - Launching Chrome Browser
2022-04-09 15:04:119 INFO  ManageDriver :32 - Launching Chrome Browser
2022-04-09 15:04:647 INFO  ManageDriver :32 - Launching Chrome Browser
2022-04-09 15:04:423 INFO  ManageDriver :32 - Launching Chrome Browser
2022-04-09 15:04:101 INFO  ManageDriver :32 - Launching Chrome Browser
2022-04-09 15:04:43 INFO  ManageDriver :32 - Launching Chrome Browser
2022-04-09 15:04:134 INFO  ManageDriver :32 - Launching Chrome Browser
2022-04-09 15:04:779 INFO  ManageDriver :32 - Launching Chrome Browser
2022-04-09 15:04:224 INFO  ManageDriver :32 - Launching Chrome Browser
2022-04-09 15:04:643 INFO  ManageDriver :32 - Launching Chrome Browser
2022-04-09 15:04:641 INFO  ManageDriver :32 - Launching Chrome Browser
2022-04-09 15:04:220 INFO  ManageDriver :32 - Launching Chrome Browser
2022-04-09 15:04:543 INFO  ManageDriver :32 - Launching Chrome Browser
2022-04-09 15:04:626 INFO  ManageDriver :32 - Launching Chrome Browser
2022-04-09 15:04:391 INFO  ManageDriver :32 - Launching Chrome Browser
2022-04-09 16:04:909 INFO  ManageDriver :32 - Launching Chrome Browser
2022-04-09 16:04:710 INFO  ManageDriver :32 - Launching Chrome Browser
2022-04-09 16:04:532 INFO  ManageDriver :32 - Launching Chrome Browser
2022-04-09 16:04:967 INFO  ManageDriver :32 - Launching Chrome Browser
2022-04-09 16:04:04 INFO  ManageDriver :32 - Launching Chrome Browser
2022-04-09 16:04:91 INFO  ManageDriver :32 - Launching Chrome Browser
2022-04-09 16:04:257 INFO  ManageDriver :32 - Launching Chrome Browser
2022-04-09 16:04:372 INFO  ManageDriver :32 - Launching Chrome Browser
2022-04-09 16:04:794 INFO  ManageDriver :32 - Launching Chrome Browser
2022-04-09 16:04:232 INFO  ManageDriver :32 - Launching Chrome Browser
2022-04-09 16:04:215 INFO  ManageDriver :32 - Launching Chrome Browser
2022-04-09 16:04:405 INFO  ManageDriver :32 - Launching Chrome Browser
2022-04-09 16:04:915 INFO  ManageDriver :32 - Launching Chrome Browser
2022-04-09 16:04:831 INFO  ManageDriver :32 - Launching Chrome Browser
2022-04-09 16:04:571 INFO  ManageDriver :32 - Launching Chrome Browser
2022-04-09 16:04:888 INFO  ManageDriver :32 - Launching Chrome Browser
2022-04-09 16:04:816 INFO  ManageDriver :32 - Launching Chrome Browser
2022-04-09 16:04:613 INFO  ManageDriver :32 - Launching Chrome Browser
2022-04-09 17:04:358 INFO  ManageDriver :32 - Launching Chrome Browser
2022-04-09 17:04:340 INFO  ManageDriver :32 - Launching Chrome Browser
2022-04-09 17:04:736 INFO  ManageDriver :32 - Launching Chrome Browser
2022-04-09 17:04:695 INFO  ManageDriver :32 - Launching Chrome Browser
2022-04-09 17:04:893 INFO  ManageDriver :32 - Launching Chrome Browser
2022-04-09 17:04:152 INFO  ManageDriver :32 - Launching Chrome Browser
2022-04-09 17:04:866 INFO  ManageDriver :32 - Launching Chrome Browser
2022-04-09 17:04:957 INFO  ManageDriver :32 - Launching Chrome Browser
2022-04-09 17:04:808 INFO  ManageDriver :32 - Launching Chrome Browser
2022-04-09 17:04:926 INFO  ManageDriver :32 - Launching Chrome Browser
2022-04-09 17:04:464 INFO  ManageDriver :32 - Launching Chrome Browser
2022-04-09 17:04:339 INFO  ManageDriver :32 - Launching Chrome Browser
2022-04-09 17:04:701 INFO  ManageDriver :32 - Launching Chrome Browser
2022-04-09 17:04:258 INFO  ManageDriver :32 - Launching Chrome Browser
2022-04-09 17:04:97 INFO  ManageDriver :32 - Launching Chrome Browser
2022-04-09 17:04:684 INFO  ManageDriver :32 - Launching Chrome Browser
2022-04-09 17:04:216 INFO  ManageDriver :32 - Launching Chrome Browser
2022-04-09 17:04:835 INFO  ManageDriver :32 - Launching Chrome Browser
2022-04-09 18:04:676 INFO  ManageDriver :32 - Launching Chrome Browser
2022-04-09 18:04:473 INFO  ManageDriver :32 - Launching Chrome Browser
2022-04-09 18:04:909 INFO  ManageDriver :32 - Launching Chrome Browser
2022-04-09 18:04:203 INFO  ManageDriver :32 - Launching Chrome Browser
2022-04-09 18:04:899 INFO  ManageDriver :32 - Launching Chrome Browser
2022-04-09 18:04:510 INFO  ManageDriver :32 - Launching Chrome Browser
2022-04-09 18:04:249 INFO  ManageDriver :32 - Launching Chrome Browser
2022-04-09 18:04:71 INFO  ManageDriver :32 - Launching Chrome Browser
2022-04-09 18:04:971 INFO  ManageDriver :32 - Launching Chrome Browser
2022-04-09 18:04:208 INFO  ManageDriver :32 - Launching Chrome Browser
2022-04-09 18:04:520 INFO  ManageDriver :32 - Launching Chrome Browser
2022-04-09 18:04:288 INFO  ManageDriver :32 - Launching Chrome Browser
2022-04-09 18:04:337 INFO  ManageDriver :32 - Launching Chrome Browser
2022-04-09 18:04:73 INFO  ManageDriver :32 - Launching Chrome Browser
2022-04-09 18:04:426 INFO  ManageDriver :32 - Launching Chrome Browser
2022-04-09 18:04:833 INFO  ManageDriver :32 - Launching Chrome Browser
2022-04-09 18:04:975 INFO  ManageDriver :32 - Launching Chrome Browser
2022-04-09 18:04:877 INFO  ManageDriver :32 - Launching Chrome Browser
2022-04-09 18:04:423 INFO  ManageDriver :32 - Launching Chrome Browser
2022-04-09 18:04:740 INFO  ManageDriver :32 - Launching Chrome Browser
2022-04-09 20:04:547 INFO  ManageDriver :32 - Launching Chrome Browser
2022-04-09 20:04:512 INFO  ManageDriver :32 - Launching Chrome Browser
2022-04-09 20:04:210 INFO  ManageDriver :32 - Launching Chrome Browser
2022-04-09 20:04:767 INFO  ManageDriver :32 - Launching Chrome Browser
2022-04-09 20:04:875 INFO  ManageDriver :32 - Launching Chrome Browser
2022-04-09 20:04:320 INFO  ManageDriver :32 - Launching Chrome Browser
2022-04-09 22:04:160 INFO  ManageDriver :32 - Launching Chrome Browser
2022-04-09 22:04:599 INFO  ManageDriver :32 - Launching Chrome Browser
2022-04-09 22:04:823 INFO  ManageDriver :32 - Launching Chrome Browser
2022-04-09 22:04:413 INFO  ManageDriver :32 - Launching Chrome Browser
2022-04-09 22:04:199 INFO  ManageDriver :32 - Launching Chrome Browser
2022-04-09 22:04:222 INFO  ManageDriver :32 - Launching Chrome Browser
2022-04-09 22:04:511 INFO  ManageDriver :32 - Launching Chrome Browser
2022-04-09 22:04:330 INFO  ManageDriver :32 - Launching Chrome Browser
2022-04-09 22:04:876 INFO  ManageDriver :32 - Launching Chrome Browser
2022-04-09 22:04:140 INFO  ManageDriver :32 - Launching Chrome Browser
2022-04-09 22:04:44 INFO  ManageDriver :32 - Launching Chrome Browser
2022-04-09 22:04:485 INFO  ManageDriver :32 - Launching Chrome Browser
2022-04-09 22:04:530 INFO  ManageDriver :32 - Launching Chrome Browser
2022-04-09 22:04:747 INFO  ManageDriver :32 - Launching Chrome Browser
2022-04-09 22:04:122 INFO  ManageDriver :32 - Launching Chrome Browser
2022-04-09 22:04:663 INFO  ManageDriver :32 - Launching Chrome Browser
2022-04-09 22:04:420 INFO  ManageDriver :32 - Launching Chrome Browser
2022-04-09 22:04:233 INFO  ManageDriver :32 - Launching Chrome Browser
2022-04-09 22:04:14 INFO  ManageDriver :32 - Launching Chrome Browser
2022-04-09 22:04:437 INFO  ManageDriver :32 - Launching Chrome Browser
2022-04-09 23:04:43 INFO  ManageDriver :32 - Launching Chrome Browser
2022-04-09 23:04:698 INFO  ManageDriver :32 - Launching Chrome Browser
2022-04-09 23:04:353 INFO  ManageDriver :32 - Launching Chrome Browser
2022-04-09 23:04:805 INFO  ManageDriver :32 - Launching Chrome Browser
2022-04-09 23:04:602 INFO  ManageDriver :32 - Launching Chrome Browser
2022-04-09 23:04:164 INFO  ManageDriver :32 - Launching Chrome Browser
2022-04-09 23:04:157 INFO  ManageDriver :32 - Launching Chrome Browser
2022-04-09 23:04:138 INFO  ManageDriver :32 - Launching Chrome Browser
2022-04-09 23:04:933 INFO  ManageDriver :32 - Launching Chrome Browser
2022-04-09 23:04:647 INFO  ManageDriver :32 - Launching Chrome Browser
2022-04-09 23:04:506 INFO  ManageDriver :32 - Launching Chrome Browser
2022-04-09 23:04:424 INFO  ManageDriver :32 - Launching Chrome Browser
2022-04-09 23:04:719 INFO  ManageDriver :32 - Launching Chrome Browser
2022-04-09 23:04:863 INFO  ManageDriver :32 - Launching Chrome Browser
2022-04-09 23:04:51 INFO  ManageDriver :32 - Launching Chrome Browser
2022-04-09 23:04:594 WARN  HashedWheelTimer :672 - An exception was thrown by TimerTask.
java.lang.IllegalStateException: cannot be started once stopped
	at io.netty.util.HashedWheelTimer.start(HashedWheelTimer.java:338)
	at io.netty.util.HashedWheelTimer.newTimeout(HashedWheelTimer.java:413)
	at org.asynchttpclient.netty.channel.DefaultChannelPool.scheduleNewIdleChannelDetector(DefaultChannelPool.java:95)
	at org.asynchttpclient.netty.channel.DefaultChannelPool.access$900(DefaultChannelPool.java:43)
	at org.asynchttpclient.netty.channel.DefaultChannelPool$IdleChannelDetector.run(DefaultChannelPool.java:378)
	at io.netty.util.HashedWheelTimer$HashedWheelTimeout.expire(HashedWheelTimer.java:669)
	at io.netty.util.HashedWheelTimer$HashedWheelBucket.expireTimeouts(HashedWheelTimer.java:744)
	at io.netty.util.HashedWheelTimer$Worker.run(HashedWheelTimer.java:469)
	at io.netty.util.concurrent.FastThreadLocalRunnable.run(FastThreadLocalRunnable.java:30)
	at java.lang.Thread.run(Thread.java:745)
2022-04-09 23:04:343 INFO  ManageDriver :32 - Launching Chrome Browser
2022-04-10 00:04:313 INFO  ManageDriver :32 - Launching Chrome Browser
2022-04-10 00:04:735 INFO  ManageDriver :32 - Launching Chrome Browser
2022-04-10 00:04:156 INFO  ManageDriver :32 - Launching Chrome Browser
2022-04-10 00:04:140 INFO  ManageDriver :32 - Launching Chrome Browser
2022-04-10 00:04:727 INFO  ManageDriver :32 - Launching Chrome Browser
2022-04-11 11:04:991 INFO  ManageDriver :32 - Launching Chrome Browser
2022-04-11 11:04:835 INFO  ManageDriver :32 - Launching Chrome Browser
2022-04-11 11:04:428 INFO  ManageDriver :32 - Launching Chrome Browser
2022-04-11 12:04:171 INFO  ManageDriver :32 - Launching Chrome Browser
2022-04-11 12:04:632 INFO  ManageDriver :32 - Launching Chrome Browser
2022-04-11 12:04:295 INFO  ManageDriver :32 - Launching Chrome Browser
2022-04-11 12:04:954 INFO  ManageDriver :32 - Launching Chrome Browser
2022-04-11 12:04:178 INFO  ManageDriver :32 - Launching Chrome Browser
2022-04-11 13:04:345 INFO  ManageDriver :32 - Launching Chrome Browser
2022-04-11 13:04:580 INFO  ManageDriver :32 - Launching Chrome Browser
2022-04-11 14:04:794 INFO  ManageDriver :32 - Launching Chrome Browser
2022-04-11 14:04:398 INFO  ManageDriver :32 - Launching Chrome Browser
2022-04-11 14:04:682 INFO  ManageDriver :32 - Launching Chrome Browser
2022-04-11 14:04:722 INFO  ManageDriver :32 - Launching Chrome Browser
2022-04-11 14:04:818 INFO  ManageDriver :32 - Launching Chrome Browser
2022-04-11 15:04:206 INFO  ManageDriver :32 - Launching Chrome Browser
2022-04-11 15:04:752 INFO  ManageDriver :32 - Launching Chrome Browser
2022-04-11 15:04:354 INFO  ManageDriver :32 - Launching Chrome Browser
2022-04-11 16:04:318 INFO  ManageDriver :32 - Launching Chrome Browser
2022-04-11 16:04:665 INFO  ManageDriver :32 - Launching Chrome Browser
2022-04-11 16:04:290 INFO  ManageDriver :32 - Launching Chrome Browser
2022-04-11 16:04:135 INFO  ManageDriver :32 - Launching Chrome Browser
2022-04-11 16:04:320 INFO  ManageDriver :32 - Launching Chrome Browser
2022-04-11 16:04:969 INFO  ManageDriver :32 - Launching Chrome Browser
2022-04-11 16:04:248 INFO  ManageDriver :32 - Launching Chrome Browser
2022-04-11 16:04:138 INFO  ManageDriver :32 - Launching Chrome Browser
2022-04-11 16:04:411 INFO  ManageDriver :32 - Launching Chrome Browser
2022-04-11 21:04:394 INFO  ManageDriver :32 - Launching Chrome Browser
2022-04-11 21:04:210 INFO  ManageDriver :32 - Launching Chrome Browser
2022-04-11 21:04:569 INFO  ManageDriver :32 - Launching Chrome Browser
2022-04-11 21:04:515 INFO  ManageDriver :32 - Launching Chrome Browser
2022-04-11 22:04:899 INFO  ManageDriver :32 - Launching Chrome Browser
2022-04-11 22:04:870 INFO  ManageDriver :32 - Launching Chrome Browser
2022-04-11 22:04:507 INFO  ManageDriver :32 - Launching Chrome Browser
2022-04-11 22:04:911 INFO  ManageDriver :32 - Launching Chrome Browser
2022-04-11 22:04:342 INFO  ManageDriver :32 - Launching Chrome Browser
2022-04-11 22:04:449 INFO  ManageDriver :32 - Launching Chrome Browser
2022-04-11 22:04:585 INFO  ManageDriver :32 - Launching Chrome Browser
2022-04-11 22:04:841 INFO  ManageDriver :32 - Launching Chrome Browser
2022-04-11 22:04:58 INFO  ManageDriver :32 - Launching Chrome Browser
2022-04-11 22:04:226 INFO  ManageDriver :32 - Launching Chrome Browser
2022-04-11 22:04:40 INFO  ManageDriver :32 - Launching Chrome Browser
2022-04-11 23:04:256 INFO  ManageDriver :32 - Launching Chrome Browser
2022-04-11 23:04:323 INFO  ManageDriver :32 - Launching Chrome Browser
2022-04-11 23:04:98 INFO  ManageDriver :32 - Launching Chrome Browser
2022-04-11 23:04:180 INFO  ManageDriver :32 - Launching Chrome Browser
2022-04-11 23:04:336 INFO  ManageDriver :32 - Launching Chrome Browser
